[debug] [2017-08-24T17:01:55.354Z] ----------------------------------------------------------------------
[debug] [2017-08-24T17:01:55.357Z] Command:       C:\Program Files\nodejs\node.exe C:\Users\je_re\AppData\Roaming\npm\node_modules\firebase-tools\bin\firebase deploy
[debug] [2017-08-24T17:01:55.357Z] CLI Version:   3.9.2
[debug] [2017-08-24T17:01:55.357Z] Platform:      win32
[debug] [2017-08-24T17:01:55.357Z] Node Version:  v8.0.0
[debug] [2017-08-24T17:01:55.358Z] Time:          Thu Aug 24 2017 13:01:55 GMT-0400 (Eastern Daylight Time)
[debug] [2017-08-24T17:01:55.358Z] ----------------------------------------------------------------------
[debug] 
[debug] [2017-08-24T17:01:55.371Z] > command requires scopes: ["email","openid","https://www.googleapis.com/auth/cloudplatformprojects.readonly","https://www.googleapis.com/auth/firebase","https://www.googleapis.com/auth/cloud-platform"]
[debug] [2017-08-24T17:01:55.372Z] > authorizing via signed-in user
[debug] [2017-08-24T17:01:55.374Z] > refreshing access token with scopes: ["email","https://www.googleapis.com/auth/cloud-platform","https://www.googleapis.com/auth/cloudplatformprojects.readonly","https://www.googleapis.com/auth/firebase","openid"]
[debug] [2017-08-24T17:01:55.374Z] >>> HTTP REQUEST POST https://www.googleapis.com/oauth2/v3/token { refresh_token: '1/lSAf294d_fwQ5Z4Pxo5NiceWBRqS79mv7XlBoUtN7HU',
  client_id: '563584335869-fgrhgmd47bqnekij5i8b5pr03ho849e6.apps.googleusercontent.com',
  client_secret: 'j9iVZfS8kkCEFUPaAeJV0sAi',
  grant_type: 'refresh_token',
  scope: 'email https://www.googleapis.com/auth/cloud-platform https://www.googleapis.com/auth/cloudplatformprojects.readonly https://www.googleapis.com/auth/firebase openid' } 
 Thu Aug 24 2017 13:01:55 GMT-0400 (Eastern Daylight Time)
[debug] [2017-08-24T17:01:55.932Z] <<< HTTP RESPONSE 200
[debug] [2017-08-24T17:01:55.991Z] >>> HTTP REQUEST GET https://admin.firebase.com/v1/projects/portfolio-83749  
 Thu Aug 24 2017 13:01:55 GMT-0400 (Eastern Daylight Time)
[debug] [2017-08-24T17:01:56.596Z] <<< HTTP RESPONSE 200
[debug] [2017-08-24T17:01:56.597Z] >>> HTTP REQUEST GET https://admin.firebase.com/v1/database/portfolio-83749/tokens  
 Thu Aug 24 2017 13:01:56 GMT-0400 (Eastern Daylight Time)
[debug] [2017-08-24T17:01:57.159Z] <<< HTTP RESPONSE 200
[info] 
[info] === Deploying to 'portfolio-83749'...
[info] 
[info] i  deploying hosting
[info] i  hosting: preparing build directory for upload...
[debug] [2017-08-24T17:01:58.348Z] >>> HTTP REQUEST PUT https://deploy.firebase.com/v1/hosting/portfolio-83749/uploads/-KsKBMhnDkJtFXv5MVfr?fileCount=37&message=  
 Thu Aug 24 2017 13:01:58 GMT-0400 (Eastern Daylight Time)
[debug] [2017-08-24T17:03:42.897Z] Error: write ECONNRESET
    at exports._errnoException (util.js:1026:11)
    at WriteWrap.afterWrite [as oncomplete] (net.js:848:14)
[error] 
[error] Error: Server Error. write ECONNRESET
